<?xml version="1.0" encoding="UTF-8"?>
<testng-results ignored="0" total="1" passed="1" failed="0" skipped="0">
  <reporter-output>
  </reporter-output>
  <suite started-at="2023-12-14T11:39:20 IST" name="Default suite" finished-at="2023-12-14T11:39:21 IST" duration-ms="661">
    <groups>
    </groups>
    <test started-at="2023-12-14T11:39:20 IST" name="Default test" finished-at="2023-12-14T11:39:21 IST" duration-ms="661">
      <class name="Parser_Scripts.Serialization_Array_Data">
        <test-method signature="employee()[pri:0, instance:Parser_Scripts.Serialization_Array_Data@57c758ac]" started-at="2023-12-14T11:39:20 IST" name="employee" finished-at="2023-12-14T11:39:21 IST" duration-ms="550" status="PASS">
          <reporter-output>
          </reporter-output>
        </test-method> <!-- employee -->
      </class> <!-- Parser_Scripts.Serialization_Array_Data -->
    </test> <!-- Default test -->
  </suite> <!-- Default suite -->
</testng-results>
